<?xml version="1.0" encoding="UTF-8"?>
<!-- Generated by org.testng.reporters.JUnitReportReporter -->
<testsuite hostname="Mickey" failures="0" tests="3" name="rm.Tests.SubmitOrderTestWithHashMap" time="11.831" errors="0" timestamp="2024-10-09T16:29:48 IST" skipped="0">
  <testcase classname="rm.Tests.SubmitOrderTestWithHashMap" name="submitOrder" time="4.102"/>
  <system-out/>
  <testcase classname="rm.Tests.SubmitOrderTestWithHashMap" name="submitOrder" time="5.151"/>
  <system-out/>
  <testcase classname="rm.Tests.SubmitOrderTestWithHashMap" name="OrderHistoryTest" time="2.578"/>
  <system-out/>
</testsuite> <!-- rm.Tests.SubmitOrderTestWithHashMap -->
