<?xml version="1.0" encoding="UTF-8"?>
<!-- Generated by org.testng.reporters.JUnitReportReporter -->
<testsuite hostname="Mickey" failures="0" tests="1" name="cucumber.TestNGTestRunner" time="2.717" errors="0" timestamp="2024-10-18T11:45:26 IST" skipped="0">
  <testcase classname="cucumber.TestNGTestRunner" name="runScenario" time="2.717"/>
  <system-out/>
</testsuite> <!-- cucumber.TestNGTestRunner -->
