<?xml version="1.0" encoding="UTF-8"?>
<!-- Generated by org.testng.reporters.JUnitReportReporter -->
<testsuite hostname="Mickey" failures="0" tests="3" name="rm.Tests.SubmitOrderTest" time="22.543" errors="0" timestamp="2024-10-15T18:48:51 IST" skipped="0">
  <testcase classname="rm.Tests.SubmitOrderTest" name="submitOrder" time="12.048"/>
  <system-out/>
  <testcase classname="rm.Tests.SubmitOrderTest" name="OrderHistoryTest" time="3.777"/>
  <system-out/>
  <testcase classname="rm.Tests.SubmitOrderTest" name="submitOrder" time="6.718"/>
  <system-out/>
</testsuite> <!-- rm.Tests.SubmitOrderTest -->
