<?xml version="1.0" encoding="UTF-8"?>
<!-- Generated by org.testng.reporters.JUnitReportReporter -->
<testsuite hostname="Mickey" failures="0" tests="2" name="rahulshettyacademy.Tests.SubmitOrderTest" time="9.602" errors="0" timestamp="2024-10-09T11:23:47 IST" skipped="0">
  <testcase classname="rahulshettyacademy.Tests.SubmitOrderTest" name="submitOrder" time="4.290"/>
  <system-out/>
  <testcase classname="rahulshettyacademy.Tests.SubmitOrderTest" name="submitOrder" time="5.312"/>
  <system-out/>
</testsuite> <!-- rahulshettyacademy.Tests.SubmitOrderTest -->
