<?xml version="1.0" encoding="UTF-8"?>
<!-- Generated by org.testng.reporters.JUnitReportReporter -->
<testsuite hostname="Mickey" failures="0" tests="2" name="rm.Tests.SubmitOrderTestWithJSON" time="9.755" errors="0" timestamp="2024-10-09T16:32:04 IST" skipped="0">
  <testcase classname="rm.Tests.SubmitOrderTestWithJSON" name="submitOrder" time="5.628"/>
  <system-out/>
  <testcase classname="rm.Tests.SubmitOrderTestWithJSON" name="submitOrder" time="4.127"/>
  <system-out/>
</testsuite> <!-- rm.Tests.SubmitOrderTestWithJSON -->
