<?xml version="1.0" encoding="UTF-8"?>
<!-- Generated by org.testng.reporters.JUnitReportReporter -->
<testsuite hostname="Mickey" failures="0" tests="1" name="rahulshettyacademy.Tests.ErrorValidations" time="2.401" errors="0" timestamp="2024-10-08T17:28:51 IST" skipped="0">
  <testcase classname="rahulshettyacademy.Tests.ErrorValidations" name="submitOrder" time="2.401"/>
  <system-out/>
</testsuite> <!-- rahulshettyacademy.Tests.ErrorValidations -->
