<?xml version="1.0" encoding="UTF-8"?>
<!-- Generated by org.testng.reporters.JUnitReportReporter -->
<testsuite hostname="Mickey" failures="0" tests="2" name="rahulshettyacademy.Tests.SubmitOrderTestWithHashMap" time="10.109" errors="0" timestamp="2024-10-09T12:31:57 IST" skipped="0">
  <testcase classname="rahulshettyacademy.Tests.SubmitOrderTestWithHashMap" name="submitOrder" time="5.082"/>
  <system-out/>
  <testcase classname="rahulshettyacademy.Tests.SubmitOrderTestWithHashMap" name="submitOrder" time="5.027"/>
  <system-out/>
</testsuite> <!-- rahulshettyacademy.Tests.SubmitOrderTestWithHashMap -->
