<?xml version="1.0" encoding="UTF-8"?>
<!-- Generated by org.testng.reporters.JUnitReportReporter -->
<testsuite hostname="Mickey" failures="0" tests="3" name="rm.Tests.SubmitOrderTest" time="12.370" errors="0" timestamp="2024-10-18T11:53:44 IST" skipped="0">
  <testcase classname="rm.Tests.SubmitOrderTest" name="OrderHistoryTest" time="2.326"/>
  <testcase classname="rm.Tests.SubmitOrderTest" name="submitOrder" time="4.680"/>
  <testcase classname="rm.Tests.SubmitOrderTest" name="submitOrder" time="5.364"/>
</testsuite> <!-- rm.Tests.SubmitOrderTest -->
