<?xml version="1.0" encoding="UTF-8"?>
<!-- Generated by org.testng.reporters.JUnitReportReporter -->
<testsuite hostname="Mickey" failures="0" tests="1" name="cucumber.TestNGTestRunner" time="3.215" errors="0" timestamp="2024-10-18T11:55:59 IST" skipped="0">
  <testcase classname="cucumber.TestNGTestRunner" name="runScenario" time="3.215"/>
</testsuite> <!-- cucumber.TestNGTestRunner -->
