<?xml version="1.0" encoding="UTF-8"?>
<!-- Generated by org.testng.reporters.JUnitReportReporter -->
<testsuite hostname="Mickey" failures="0" tests="2" name="rm.Tests.ErrorValidationsTest" time="9.120" errors="0" timestamp="2024-10-18T11:53:44 IST" skipped="0">
  <testcase classname="rm.Tests.ErrorValidationsTest" name="LoginErrorValidation" time="4.448"/>
  <testcase classname="rm.Tests.ErrorValidationsTest" name="ProductErrorValidation" time="4.672"/>
</testsuite> <!-- rm.Tests.ErrorValidationsTest -->
